13:42:31 **** Incremental Build of configuration Debug for project fatherPractice ****
make all 
Building file: ../Son.cpp
Invoking: GCC C++ Compiler
g++ -O0 -g3 -Wall -c -fmessage-length=0 -MMD -MP -MF"Son.d" -MT"Son.o" -o "Son.o" "../Son.cpp"
In file included from ../Son.cpp:8:
../Son.h:14:6: warning: private field 'stdNum' is not used [-Wunused-private-field]
        int stdNum;
            ^
1 warning generated.
Finished building: ../Son.cpp
 
Building file: ../main.cpp
Invoking: GCC C++ Compiler
g++ -O0 -g3 -Wall -c -fmessage-length=0 -MMD -MP -MF"main.d" -MT"main.o" -o "main.o" "../main.cpp"
Finished building: ../main.cpp
 
Building target: fatherPractice
Invoking: MacOS X C++ Linker
g++  -o "fatherPractice"  ./Father.o ./Son.o ./main.o   
Finished building target: fatherPractice
 

13:42:33 Build Finished. 0 errors, 1 warnings. (took 1s.420ms)

